
The following files have been resolved:
   org.eclipse.jetty:jetty-servlet:jar:9.4.18.v20190429:compile
   com.github.jknack:handlebars-guava-cache:jar:4.0.6:compile
   log4j:log4j:jar:1.2.17:compile
   com.google.guava:listenablefuture:jar:9999.0-empty-to-avoid-conflict-with-guava:compile
   org.apache.httpcomponents:httpcore:jar:4.4.10:compile
   org.eclipse.jetty:jetty-client:jar:9.4.18.v20190429:compile
   org.glassfish.jaxb:txw2:jar:2.3.1:compile
   com.sun.xml.fastinfoset:FastInfoset:jar:1.2.15:compile
   me.xuender:unidecode:jar:0.0.7:compile
   org.eclipse.jetty.websocket:websocket-common:jar:9.4.18.v20190429:compile
   org.checkerframework:checker-compat-qual:jar:2.5.5:compile
   org.jboss.spec.javax.transaction:jboss-transaction-api_1.2_spec:jar:1.1.1.Final:compile
   com.fasterxml.jackson.core:jackson-core:jar:2.9.9:compile
   antlr:antlr:jar:2.7.7:compile
   com.twilio.sdk:twilio:jar:7.41.1:compile
   com.google.j2objc:j2objc-annotations:jar:1.3:compile
   org.codehaus.mojo:animal-sniffer-annotations:jar:1.17:compile
   com.fasterxml.jackson.core:jackson-databind:jar:2.9.9.1:compile
   com.fasterxml:classmate:jar:1.3.4:compile
   com.sun.activation:jakarta.activation:jar:1.2.1:compile
   org.eclipse.jetty.websocket:websocket-client:jar:9.4.18.v20190429:compile
   org.apache.httpcomponents:fluent-hc:jar:4.5.10:compile
   org.hibernate:hibernate-entitymanager:jar:5.4.9.Final:compile
   com.github.jknack:handlebars-helpers:jar:4.1.2:compile
   org.slf4j:slf4j-log4j12:jar:1.7.5:compile
   org.hibernate:tck-utils-api:jar:0.9.1:compile
   org.hibernate.common:hibernate-commons-annotations:jar:5.1.0.Final:compile
   com.github.jknack:handlebars:jar:4.0.6:compile
   com.google.guava:failureaccess:jar:1.0.1:compile
   org.jboss.logging:jboss-logging:jar:3.3.2.Final:compile
   org.hamcrest:hamcrest-core:jar:1.3:compile
   com.sparkjava:spark-core:jar:2.9.1:compile
   org.slf4j:slf4j-api:jar:1.7.5:compile
   org.apache.httpcomponents:httpclient-osgi:jar:4.5.10:compile
   org.apache.logging.log4j:log4j-core:jar:2.12.1:compile
   com.google.code.findbugs:jsr305:jar:3.0.1:compile
   org.hibernate.validator:hibernate-validator:jar:6.1.0.Final:compile
   javax.activation:javax.activation-api:jar:1.2.0:compile
   commons-logging:commons-logging:jar:1.2:compile
   org.eclipse.jetty:jetty-util:jar:9.4.18.v20190429:compile
   com.google.errorprone:error_prone_annotations:jar:2.3.2:compile
   com.github.jknack:handlebars-humanize:jar:4.1.2:compile
   org.jvnet.staxex:stax-ex:jar:1.8:compile
   org.antlr:antlr4-runtime:jar:4.5.1-1:compile
   commons-codec:commons-codec:jar:1.11:compile
   io.jsonwebtoken:jjwt:jar:0.4:compile
   org.hibernate:hibernate-core:jar:5.4.9.Final:compile
   org.jboss:jandex:jar:2.1.1.Final:compile
   org.eclipse.jetty.websocket:websocket-api:jar:9.4.18.v20190429:compile
   net.bytebuddy:byte-buddy:jar:1.10.2:compile
   org.eclipse.jetty:jetty-http:jar:9.4.18.v20190429:compile
   mysql:mysql-connector-java:jar:8.0.18:compile
   com.sun.istack:istack-commons-runtime:jar:3.0.7:compile
   org.simplejavamail:simple-java-mail:jar:5.3.0:compile
   com.github.bbottema:emailaddress-rfc2822:jar:2.1.3:compile
   org.hibernate.javax.persistence:hibernate-jpa-2.0-api:jar:1.0.1.Final:compile
   org.apache.httpcomponents:httpmime:jar:4.5.10:compile
   junit:junit:jar:4.13-rc-2:compile
   org.eclipse.jetty:jetty-server:jar:9.4.18.v20190429:compile
   com.google.code.gson:gson:jar:2.8.6:compile
   org.eclipse.jetty:jetty-io:jar:9.4.18.v20190429:compile
   org.hibernate.javax.persistence:hibernate-jpa-2.1-api:jar:1.0.0.Final:compile
   javax.xml.bind:jaxb-api:jar:2.2:compile
   javax.activation:activation:jar:1.1:compile
   org.eclipse.jetty:jetty-xml:jar:9.4.18.v20190429:compile
   org.apache.logging.log4j:log4j-api:jar:2.12.1:compile
   com.sun.mail:jakarta.mail:jar:1.6.3:compile
   com.sparkjava:spark-template-handlebars:jar:2.7.1:compile
   joda-time:joda-time:jar:2.5:compile
   org.eclipse.jetty.websocket:websocket-servlet:jar:9.4.18.v20190429:compile
   org.apache.httpcomponents:httpclient:jar:4.5.10:compile
   com.fasterxml.jackson.core:jackson-annotations:jar:2.9.9:compile
   com.sun.mail:javax.mail:jar:1.6.2:compile
   org.glassfish.jaxb:jaxb-runtime:jar:2.3.1:compile
   org.eclipse.jetty:jetty-webapp:jar:9.4.18.v20190429:compile
   org.apache.commons:commons-lang3:jar:3.8.1:compile
   com.google.guava:guava:jar:28.0-android:compile
   org.uqbar-project:jpa-java8-extras:jar:1.0-alpha-1:compile
   javax.servlet:javax.servlet-api:jar:3.1.0:compile
   org.apache.httpcomponents:httpclient-cache:jar:4.5.10:compile
   com.sparkjava:spark-debug-tools:jar:0.5:compile
   javax.xml.stream:stax-api:jar:1.0-2:compile
   com.google.protobuf:protobuf-java:jar:3.6.1:compile
   jakarta.validation:jakarta.validation-api:jar:2.0.2:compile
   org.eclipse.jetty:jetty-security:jar:9.4.18.v20190429:compile
   com.github.mfornos:humanize-slim:jar:1.2.2:compile
   org.eclipse.jetty.websocket:websocket-server:jar:9.4.18.v20190429:compile
   org.hsqldb:hsqldb:jar:2.5.0:compile
   org.mozilla:rhino:jar:1.7R4:compile
   javax.persistence:javax.persistence-api:jar:2.2:compile
   org.javassist:javassist:jar:3.24.0-GA:compile
   org.ocpsoft.prettytime:prettytime:jar:3.2.5.Final:compile
   org.dom4j:dom4j:jar:2.1.1:compile

